2025-04-18 20:17:53,531 - __main__ - INFO - [main.py:60] - Application starting up...
2025-04-18 20:17:53,532 - __main__ - ERROR - [main.py:175] - Failed to connect to Azure Blob Storage: Connection string is either blank or malformed.
2025-04-18 20:17:53,553 - werkzeug - INFO - [_internal.py:187] - [31m[1mWARNING: This is a development server. Do not use it in a production deployment. Use a production WSGI server instead.[0m
 * Running on all addresses (0.0.0.0)
 * Running on http://127.0.0.1:5000
 * Running on http://192.168.1.20:5000
2025-04-18 20:17:53,553 - werkzeug - INFO - [_internal.py:187] - [33mPress CTRL+C to quit[0m
2025-04-18 20:17:53,554 - werkzeug - INFO - [_internal.py:187] -  * Restarting with stat
2025-04-18 20:17:54,033 - __main__ - INFO - [main.py:60] - Application starting up...
2025-04-18 20:17:54,034 - __main__ - ERROR - [main.py:175] - Failed to connect to Azure Blob Storage: Connection string is either blank or malformed.
2025-04-18 20:17:54,039 - werkzeug - WARNING - [_internal.py:187] -  * Debugger is active!
2025-04-18 20:17:54,041 - werkzeug - INFO - [_internal.py:187] -  * Debugger PIN: 490-383-048
2025-04-18 22:05:43,623 - __main__ - INFO - [main.py:60] - Application starting up...
2025-04-18 22:05:43,650 - __main__ - INFO - [main.py:173] - Successfully connected to Azure Blob Storage
2025-04-18 22:05:43,663 - werkzeug - INFO - [_internal.py:187] - [31m[1mWARNING: This is a development server. Do not use it in a production deployment. Use a production WSGI server instead.[0m
 * Running on all addresses (0.0.0.0)
 * Running on http://127.0.0.1:5000
 * Running on http://192.168.1.20:5000
2025-04-18 22:05:43,663 - werkzeug - INFO - [_internal.py:187] - [33mPress CTRL+C to quit[0m
2025-04-18 22:05:43,665 - werkzeug - INFO - [_internal.py:187] -  * Restarting with stat
2025-04-18 22:05:44,111 - __main__ - INFO - [main.py:60] - Application starting up...
2025-04-18 22:05:44,138 - __main__ - INFO - [main.py:173] - Successfully connected to Azure Blob Storage
2025-04-18 22:05:44,144 - werkzeug - WARNING - [_internal.py:187] -  * Debugger is active!
2025-04-18 22:05:44,146 - werkzeug - INFO - [_internal.py:187] -  * Debugger PIN: 490-383-048
2025-04-18 22:11:55,238 - azure.core.pipeline.policies.http_logging_policy - INFO - [_universal.py:508] - Request URL: 'https://nomicloudoi.blob.core.windows.net/aifood-files/20250418221155_test.txt'
Request method: 'PUT'
Request headers:
    'Content-Length': '5'
    'x-ms-blob-type': 'REDACTED'
    'x-ms-version': 'REDACTED'
    'Content-Type': 'application/octet-stream'
    'Accept': 'application/xml'
    'User-Agent': 'azsdk-python-storage-blob/12.17.0 Python/3.13.3 (Windows-11-10.0.26100-SP0)'
    'x-ms-date': 'REDACTED'
    'x-ms-client-request-id': 'aa739162-1cc3-11f0-8dc8-60cf84c6f41a'
    'Authorization': 'REDACTED'
A body is sent with the request
2025-04-18 22:11:55,619 - azure.core.pipeline.policies.http_logging_policy - INFO - [_universal.py:547] - Response status: 201
Response headers:
    'Content-Length': '0'
    'Content-MD5': 'REDACTED'
    'Last-Modified': 'Sat, 19 Apr 2025 02:11:55 GMT'
    'ETag': '"0x8DD7EE78EA5422B"'
    'Server': 'Windows-Azure-Blob/1.0 Microsoft-HTTPAPI/2.0'
    'x-ms-request-id': 'a19afd41-c01e-000f-62d0-b0a4c3000000'
    'x-ms-client-request-id': 'aa739162-1cc3-11f0-8dc8-60cf84c6f41a'
    'x-ms-version': 'REDACTED'
    'x-ms-content-crc64': 'REDACTED'
    'x-ms-request-server-encrypted': 'REDACTED'
    'Date': 'Sat, 19 Apr 2025 02:11:55 GMT'
2025-04-18 22:11:55,619 - __main__ - INFO - [main.py:266] - File uploaded successfully: 20250418221155_test.txt
2025-04-18 22:11:55,620 - werkzeug - INFO - [_internal.py:187] - 127.0.0.1 - - [18/Apr/2025 22:11:55] "POST /api/upload HTTP/1.1" 200 -
2025-04-18 22:12:21,161 - azure.core.pipeline.policies.http_logging_policy - INFO - [_universal.py:511] - Request URL: 'https://nomicloudoi.blob.core.windows.net/aifood-files?restype=REDACTED&comp=REDACTED'
Request method: 'GET'
Request headers:
    'x-ms-version': 'REDACTED'
    'Accept': 'application/xml'
    'User-Agent': 'azsdk-python-storage-blob/12.17.0 Python/3.13.3 (Windows-11-10.0.26100-SP0)'
    'x-ms-date': 'REDACTED'
    'x-ms-client-request-id': 'b9e70742-1cc3-11f0-8035-60cf84c6f41a'
    'Authorization': 'REDACTED'
No body was attached to the request
2025-04-18 22:12:21,198 - azure.core.pipeline.policies.http_logging_policy - INFO - [_universal.py:547] - Response status: 200
Response headers:
    'Transfer-Encoding': 'chunked'
    'Content-Type': 'application/xml'
    'Server': 'Windows-Azure-Blob/1.0 Microsoft-HTTPAPI/2.0'
    'x-ms-request-id': 'a19b43b5-c01e-000f-76d0-b0a4c3000000'
    'x-ms-client-request-id': 'b9e70742-1cc3-11f0-8035-60cf84c6f41a'
    'x-ms-version': 'REDACTED'
    'Date': 'Sat, 19 Apr 2025 02:12:20 GMT'
2025-04-18 22:12:21,200 - werkzeug - INFO - [_internal.py:187] - 127.0.0.1 - - [18/Apr/2025 22:12:21] "GET /api/files HTTP/1.1" 200 -
